0 info it worked if it ends with ok
1 verbose cli [ '/usr/local/bin/node', '/usr/local/bin/npm', 'run', 'watch' ]
2 info using npm@3.6.0
3 info using node@v5.6.0
4 verbose run-script [ 'prewatch', 'watch', 'postwatch' ]
5 info lifecycle @~prewatch: @
6 silly lifecycle @~prewatch: no script for prewatch, continuing
7 info lifecycle @~watch: @
8 verbose lifecycle @~watch: unsafe-perm in lifecycle true
9 verbose lifecycle @~watch: PATH: /usr/local/lib/node_modules/npm/bin/node-gyp-bin:/Volumes/500GB Storage Drive/fentonfamily/code/tiy-5.4-tbg/node_modules/.bin:/usr/local/bin:/usr/bin:/bin:/usr/sbin:/sbin:/opt/X11/bin
10 verbose lifecycle @~watch: CWD: /Volumes/500GB Storage Drive/fentonfamily/code/tiy-5.4-tbg
11 silly lifecycle @~watch: Args: [ '-c',
11 silly lifecycle   'parallelshell \'npm run watch:html\' \'npm run watch:scss\' \'npm run watch:js\' \'npm run server\'' ]
12 silly lifecycle @~watch: Returned: code: 1  signal: null
13 info lifecycle @~watch: Failed to exec watch script
14 verbose stack Error: @ watch: `parallelshell 'npm run watch:html' 'npm run watch:scss' 'npm run watch:js' 'npm run server'`
14 verbose stack Exit status 1
14 verbose stack     at EventEmitter.<anonymous> (/usr/local/lib/node_modules/npm/lib/utils/lifecycle.js:232:16)
14 verbose stack     at emitTwo (events.js:100:13)
14 verbose stack     at EventEmitter.emit (events.js:185:7)
14 verbose stack     at ChildProcess.<anonymous> (/usr/local/lib/node_modules/npm/lib/utils/spawn.js:24:14)
14 verbose stack     at emitTwo (events.js:100:13)
14 verbose stack     at ChildProcess.emit (events.js:185:7)
14 verbose stack     at maybeClose (internal/child_process.js:827:16)
14 verbose stack     at Process.ChildProcess._handle.onexit (internal/child_process.js:211:5)
15 verbose pkgid @
16 verbose cwd /Volumes/500GB Storage Drive/fentonfamily/code/tiy-5.4-tbg
17 error Darwin 15.3.0
18 error argv "/usr/local/bin/node" "/usr/local/bin/npm" "run" "watch"
19 error node v5.6.0
20 error npm  v3.6.0
21 error code ELIFECYCLE
22 error @ watch: `parallelshell 'npm run watch:html' 'npm run watch:scss' 'npm run watch:js' 'npm run server'`
22 error Exit status 1
23 error Failed at the @ watch script 'parallelshell 'npm run watch:html' 'npm run watch:scss' 'npm run watch:js' 'npm run server''.
23 error Make sure you have the latest version of node.js and npm installed.
23 error If you do, this is most likely a problem with the  package,
23 error not with npm itself.
23 error Tell the author that this fails on your system:
23 error     parallelshell 'npm run watch:html' 'npm run watch:scss' 'npm run watch:js' 'npm run server'
23 error You can get information on how to open an issue for this project with:
23 error     npm bugs
23 error Or if that isn't available, you can get their info via:
23 error     npm owner ls
23 error There is likely additional logging output above.
24 verbose exit [ 1, true ]
